{"/Users/akshatgoyal/Desktop/JanSAmvaad ResolveOS/lib/dndScrub.js": {"path":"/Users/akshatgoyal/Desktop/JanSAmvaad ResolveOS/lib/dndScrub.js","statementMap":{"0":{"start":{"line":1,"column":11},"end":{"line":1,"column":24}},"1":{"start":{"line":3,"column":19},"end":{"line":3,"column":28}},"2":{"start":{"line":6,"column":2},"end":{"line":6,"column":62}},"3":{"start":{"line":10,"column":14},"end":{"line":10,"column":40}},"4":{"start":{"line":11,"column":18},"end":{"line":14,"column":20}},"5":{"start":{"line":13,"column":20},"end":{"line":13,"column":41}},"6":{"start":{"line":16,"column":2},"end":{"line":18,"column":3}},"7":{"start":{"line":17,"column":4},"end":{"line":17,"column":26}},"8":{"start":{"line":22,"column":2},"end":{"line":22,"column":53}},"9":{"start":{"line":26,"column":21},"end":{"line":26,"column":42}},"10":{"start":{"line":27,"column":2},"end":{"line":29,"column":3}},"11":{"start":{"line":28,"column":4},"end":{"line":28,"column":31}},"12":{"start":{"line":33,"column":18},"end":{"line":33,"column":51}},"13":{"start":{"line":34,"column":16},"end":{"line":37,"column":20}},"14":{"start":{"line":36,"column":20},"end":{"line":36,"column":41}},"15":{"start":{"line":39,"column":2},"end":{"line":41,"column":3}},"16":{"start":{"line":40,"column":4},"end":{"line":40,"column":26}},"17":{"start":{"line":45,"column":2},"end":{"line":45,"column":21}},"18":{"start":{"line":48,"column":0},"end":{"line":48,"column":14}},"19":{"start":{"line":50,"column":0},"end":{"line":55,"column":2}}},"fnMap":{"0":{"name":"normalizePhone","decl":{"start":{"line":5,"column":9},"end":{"line":5,"column":23}},"loc":{"start":{"line":5,"column":37},"end":{"line":7,"column":1}},"line":5},"1":{"name":"loadFromEnv","decl":{"start":{"line":9,"column":9},"end":{"line":9,"column":20}},"loc":{"start":{"line":9,"column":23},"end":{"line":19,"column":1}},"line":9},"2":{"name":"(anonymous_2)","decl":{"start":{"line":13,"column":9},"end":{"line":13,"column":10}},"loc":{"start":{"line":13,"column":20},"end":{"line":13,"column":41}},"line":13},"3":{"name":"isDndNumber","decl":{"start":{"line":21,"column":15},"end":{"line":21,"column":26}},"loc":{"start":{"line":21,"column":40},"end":{"line":23,"column":1}},"line":21},"4":{"name":"addToDnd","decl":{"start":{"line":25,"column":9},"end":{"line":25,"column":17}},"loc":{"start":{"line":25,"column":25},"end":{"line":30,"column":1}},"line":25},"5":{"name":"loadDndFromFile","decl":{"start":{"line":32,"column":9},"end":{"line":32,"column":24}},"loc":{"start":{"line":32,"column":35},"end":{"line":42,"column":1}},"line":32},"6":{"name":"(anonymous_6)","decl":{"start":{"line":36,"column":9},"end":{"line":36,"column":10}},"loc":{"start":{"line":36,"column":20},"end":{"line":36,"column":41}},"line":36},"7":{"name":"clearDndList","decl":{"start":{"line":44,"column":9},"end":{"line":44,"column":21}},"loc":{"start":{"line":44,"column":24},"end":{"line":46,"column":1}},"line":44}},"branchMap":{"0":{"loc":{"start":{"line":6,"column":16},"end":{"line":6,"column":33}},"type":"binary-expr","locations":[{"start":{"line":6,"column":16},"end":{"line":6,"column":27}},{"start":{"line":6,"column":31},"end":{"line":6,"column":33}}],"line":6},"1":{"loc":{"start":{"line":10,"column":14},"end":{"line":10,"column":40}},"type":"binary-expr","locations":[{"start":{"line":10,"column":14},"end":{"line":10,"column":34}},{"start":{"line":10,"column":38},"end":{"line":10,"column":40}}],"line":10},"2":{"loc":{"start":{"line":27,"column":2},"end":{"line":29,"column":3}},"type":"if","locations":[{"start":{"line":27,"column":2},"end":{"line":29,"column":3}},{"start":{},"end":{}}],"line":27}},"s":{"0":2,"1":2,"2":6,"3":2,"4":2,"5":2,"6":2,"7":0,"8":2,"9":2,"10":2,"11":2,"12":0,"13":0,"14":0,"15":0,"16":0,"17":2,"18":2,"19":2},"f":{"0":6,"1":2,"2":2,"3":2,"4":2,"5":0,"6":0,"7":2},"b":{"0":[6,2],"1":[2,2],"2":[2,0]},"_coverageSchema":"1a1c01bbd47fc00a2c39e90264f33305004495a9","hash":"011b07635b44c2be51a3a2f841048e6a854f704c"}
,"/Users/akshatgoyal/Desktop/JanSAmvaad ResolveOS/src/api/dashboard.js": {"path":"/Users/akshatgoyal/Desktop/JanSAmvaad ResolveOS/src/api/dashboard.js","statementMap":{"0":{"start":{"line":1,"column":16},"end":{"line":1,"column":34}},"1":{"start":{"line":2,"column":13},"end":{"line":2,"column":29}},"2":{"start":{"line":4,"column":15},"end":{"line":4,"column":31}},"3":{"start":{"line":7,"column":2},"end":{"line":9,"column":3}},"4":{"start":{"line":8,"column":4},"end":{"line":8,"column":25}},"5":{"start":{"line":11,"column":21},"end":{"line":11,"column":34}},"6":{"start":{"line":12,"column":17},"end":{"line":12,"column":78}},"7":{"start":{"line":13,"column":17},"end":{"line":13,"column":37}},"8":{"start":{"line":14,"column":2},"end":{"line":14,"column":36}},"9":{"start":{"line":17,"column":0},"end":{"line":56,"column":3}},"10":{"start":{"line":18,"column":2},"end":{"line":55,"column":3}},"11":{"start":{"line":19,"column":21},"end":{"line":36,"column":5}},"12":{"start":{"line":38,"column":20},"end":{"line":49,"column":7}},"13":{"start":{"line":38,"column":39},"end":{"line":49,"column":5}},"14":{"start":{"line":51,"column":4},"end":{"line":51,"column":22}},"15":{"start":{"line":53,"column":4},"end":{"line":53,"column":52}},"16":{"start":{"line":54,"column":4},"end":{"line":54,"column":61}},"17":{"start":{"line":58,"column":0},"end":{"line":86,"column":3}},"18":{"start":{"line":59,"column":2},"end":{"line":85,"column":3}},"19":{"start":{"line":60,"column":21},"end":{"line":69,"column":5}},"20":{"start":{"line":71,"column":17},"end":{"line":71,"column":34}},"21":{"start":{"line":72,"column":19},"end":{"line":72,"column":38}},"22":{"start":{"line":73,"column":18},"end":{"line":73,"column":31}},"23":{"start":{"line":74,"column":23},"end":{"line":74,"column":89}},"24":{"start":{"line":76,"column":4},"end":{"line":81,"column":7}},"25":{"start":{"line":83,"column":4},"end":{"line":83,"column":60}},"26":{"start":{"line":84,"column":4},"end":{"line":84,"column":61}},"27":{"start":{"line":88,"column":0},"end":{"line":88,"column":24}}},"fnMap":{"0":{"name":"maskPhone","decl":{"start":{"line":6,"column":9},"end":{"line":6,"column":18}},"loc":{"start":{"line":6,"column":26},"end":{"line":15,"column":1}},"line":6},"1":{"name":"(anonymous_1)","decl":{"start":{"line":17,"column":27},"end":{"line":17,"column":28}},"loc":{"start":{"line":17,"column":47},"end":{"line":56,"column":1}},"line":17},"2":{"name":"(anonymous_2)","decl":{"start":{"line":38,"column":29},"end":{"line":38,"column":30}},"loc":{"start":{"line":38,"column":39},"end":{"line":49,"column":5}},"line":38},"3":{"name":"(anonymous_3)","decl":{"start":{"line":58,"column":25},"end":{"line":58,"column":26}},"loc":{"start":{"line":58,"column":45},"end":{"line":86,"column":1}},"line":58}},"branchMap":{"0":{"loc":{"start":{"line":7,"column":2},"end":{"line":9,"column":3}},"type":"if","locations":[{"start":{"line":7,"column":2},"end":{"line":9,"column":3}},{"start":{},"end":{}}],"line":7},"1":{"loc":{"start":{"line":7,"column":6},"end":{"line":7,"column":32}},"type":"binary-expr","locations":[{"start":{"line":7,"column":6},"end":{"line":7,"column":12}},{"start":{"line":7,"column":16},"end":{"line":7,"column":32}}],"line":7},"2":{"loc":{"start":{"line":8,"column":11},"end":{"line":8,"column":24}},"type":"binary-expr","locations":[{"start":{"line":8,"column":11},"end":{"line":8,"column":16}},{"start":{"line":8,"column":20},"end":{"line":8,"column":24}}],"line":8},"3":{"loc":{"start":{"line":12,"column":17},"end":{"line":12,"column":78}},"type":"cond-expr","locations":[{"start":{"line":12,"column":48},"end":{"line":12,"column":53}},{"start":{"line":12,"column":56},"end":{"line":12,"column":78}}],"line":12},"4":{"loc":{"start":{"line":71,"column":17},"end":{"line":71,"column":34}},"type":"binary-expr","locations":[{"start":{"line":71,"column":17},"end":{"line":71,"column":29}},{"start":{"line":71,"column":33},"end":{"line":71,"column":34}}],"line":71},"5":{"loc":{"start":{"line":72,"column":19},"end":{"line":72,"column":38}},"type":"binary-expr","locations":[{"start":{"line":72,"column":19},"end":{"line":72,"column":33}},{"start":{"line":72,"column":37},"end":{"line":72,"column":38}}],"line":72},"6":{"loc":{"start":{"line":74,"column":23},"end":{"line":74,"column":89}},"type":"cond-expr","locations":[{"start":{"line":74,"column":37},"end":{"line":74,"column":45}},{"start":{"line":74,"column":48},"end":{"line":74,"column":89}}],"line":74},"7":{"loc":{"start":{"line":79,"column":19},"end":{"line":79,"column":43}},"type":"binary-expr","locations":[{"start":{"line":79,"column":19},"end":{"line":79,"column":38}},{"start":{"line":79,"column":42},"end":{"line":79,"column":43}}],"line":79}},"s":{"0":1,"1":1,"2":1,"3":1,"4":0,"5":1,"6":1,"7":1,"8":1,"9":1,"10":1,"11":1,"12":1,"13":1,"14":1,"15":0,"16":0,"17":1,"18":1,"19":1,"20":1,"21":1,"22":1,"23":1,"24":1,"25":0,"26":0,"27":1},"f":{"0":1,"1":1,"2":1,"3":1},"b":{"0":[0,1],"1":[1,1],"2":[0,0],"3":[1,0],"4":[1,0],"5":[1,0],"6":[0,1],"7":[1,0]},"_coverageSchema":"1a1c01bbd47fc00a2c39e90264f33305004495a9","hash":"bb0c8b19d52bcda0c46d121c999e658c25a64573"}
,"/Users/akshatgoyal/Desktop/JanSAmvaad ResolveOS/src/crm/ticket.js": {"path":"/Users/akshatgoyal/Desktop/JanSAmvaad ResolveOS/src/crm/ticket.js","statementMap":{"0":{"start":{"line":1,"column":15},"end":{"line":1,"column":32}},"1":{"start":{"line":2,"column":13},"end":{"line":2,"column":29}},"2":{"start":{"line":4,"column":10},"end":{"line":4,"column":14}},"3":{"start":{"line":7,"column":2},"end":{"line":7,"column":19}},"4":{"start":{"line":11,"column":18},"end":{"line":11,"column":56}},"5":{"start":{"line":12,"column":15},"end":{"line":12,"column":17}},"6":{"start":{"line":14,"column":2},"end":{"line":17,"column":3}},"7":{"start":{"line":14,"column":15},"end":{"line":14,"column":16}},"8":{"start":{"line":15,"column":18},"end":{"line":15,"column":53}},"9":{"start":{"line":16,"column":4},"end":{"line":16,"column":29}},"10":{"start":{"line":19,"column":2},"end":{"line":19,"column":24}},"11":{"start":{"line":23,"column":14},"end":{"line":23,"column":24}},"12":{"start":{"line":24,"column":26},"end":{"line":28,"column":3}},"13":{"start":{"line":29,"column":16},"end":{"line":29,"column":47}},"14":{"start":{"line":30,"column":19},"end":{"line":30,"column":67}},"15":{"start":{"line":31,"column":2},"end":{"line":31,"column":18}},"16":{"start":{"line":35,"column":2},"end":{"line":37,"column":3}},"17":{"start":{"line":36,"column":4},"end":{"line":36,"column":17}},"18":{"start":{"line":39,"column":23},"end":{"line":39,"column":54}},"19":{"start":{"line":40,"column":2},"end":{"line":42,"column":3}},"20":{"start":{"line":41,"column":4},"end":{"line":41,"column":17}},"21":{"start":{"line":44,"column":2},"end":{"line":44,"column":35}},"22":{"start":{"line":48,"column":17},"end":{"line":48,"column":37}},"23":{"start":{"line":50,"column":2},"end":{"line":99,"column":3}},"24":{"start":{"line":51,"column":4},"end":{"line":51,"column":32}},"25":{"start":{"line":53,"column":34},"end":{"line":56,"column":5}},"26":{"start":{"line":60,"column":4},"end":{"line":68,"column":5}},"27":{"start":{"line":61,"column":6},"end":{"line":61,"column":51}},"28":{"start":{"line":63,"column":34},"end":{"line":66,"column":7}},"29":{"start":{"line":67,"column":6},"end":{"line":67,"column":49}},"30":{"start":{"line":70,"column":16},"end":{"line":70,"column":35}},"31":{"start":{"line":71,"column":24},"end":{"line":71,"column":62}},"32":{"start":{"line":73,"column":31},"end":{"line":86,"column":5}},"33":{"start":{"line":88,"column":26},"end":{"line":88,"column":52}},"34":{"start":{"line":89,"column":4},"end":{"line":89,"column":33}},"35":{"start":{"line":90,"column":4},"end":{"line":92,"column":5}},"36":{"start":{"line":91,"column":6},"end":{"line":91,"column":44}},"37":{"start":{"line":93,"column":4},"end":{"line":93,"column":25}},"38":{"start":{"line":95,"column":4},"end":{"line":95,"column":35}},"39":{"start":{"line":96,"column":4},"end":{"line":96,"column":16}},"40":{"start":{"line":98,"column":4},"end":{"line":98,"column":21}},"41":{"start":{"line":102,"column":0},"end":{"line":107,"column":2}}},"fnMap":{"0":{"name":"setIo","decl":{"start":{"line":6,"column":9},"end":{"line":6,"column":14}},"loc":{"start":{"line":6,"column":27},"end":{"line":8,"column":1}},"line":6},"1":{"name":"generateTicketRef","decl":{"start":{"line":10,"column":9},"end":{"line":10,"column":26}},"loc":{"start":{"line":10,"column":29},"end":{"line":20,"column":1}},"line":10},"2":{"name":"getSlaDeadline","decl":{"start":{"line":22,"column":9},"end":{"line":22,"column":23}},"loc":{"start":{"line":22,"column":34},"end":{"line":32,"column":1}},"line":22},"3":{"name":"isSlaBreached","decl":{"start":{"line":34,"column":9},"end":{"line":34,"column":22}},"loc":{"start":{"line":34,"column":36},"end":{"line":45,"column":1}},"line":34},"4":{"name":"createTicket","decl":{"start":{"line":47,"column":15},"end":{"line":47,"column":27}},"loc":{"start":{"line":47,"column":50},"end":{"line":100,"column":1}},"line":47}},"branchMap":{"0":{"loc":{"start":{"line":29,"column":16},"end":{"line":29,"column":47}},"type":"binary-expr","locations":[{"start":{"line":29,"column":16},"end":{"line":29,"column":41}},{"start":{"line":29,"column":45},"end":{"line":29,"column":47}}],"line":29},"1":{"loc":{"start":{"line":35,"column":2},"end":{"line":37,"column":3}},"type":"if","locations":[{"start":{"line":35,"column":2},"end":{"line":37,"column":3}},{"start":{},"end":{}}],"line":35},"2":{"loc":{"start":{"line":40,"column":2},"end":{"line":42,"column":3}},"type":"if","locations":[{"start":{"line":40,"column":2},"end":{"line":42,"column":3}},{"start":{},"end":{}}],"line":40},"3":{"loc":{"start":{"line":60,"column":4},"end":{"line":68,"column":5}},"type":"if","locations":[{"start":{"line":60,"column":4},"end":{"line":68,"column":5}},{"start":{"line":62,"column":11},"end":{"line":68,"column":5}}],"line":60},"4":{"loc":{"start":{"line":90,"column":4},"end":{"line":92,"column":5}},"type":"if","locations":[{"start":{"line":90,"column":4},"end":{"line":92,"column":5}},{"start":{},"end":{}}],"line":90}},"s":{"0":2,"1":2,"2":2,"3":5,"4":3,"5":3,"6":3,"7":3,"8":18,"9":18,"10":3,"11":3,"12":3,"13":3,"14":3,"15":3,"16":1,"17":0,"18":1,"19":1,"20":0,"21":1,"22":3,"23":3,"24":3,"25":3,"26":3,"27":3,"28":0,"29":0,"30":3,"31":3,"32":3,"33":2,"34":2,"35":2,"36":2,"37":2,"38":1,"39":1,"40":3,"41":2},"f":{"0":5,"1":3,"2":3,"3":1,"4":3},"b":{"0":[3,0],"1":[0,1],"2":[0,1],"3":[3,0],"4":[2,0]},"_coverageSchema":"1a1c01bbd47fc00a2c39e90264f33305004495a9","hash":"1c3ea36e7d794075b4c4e99ca20ad7590743d2af"}
}
