TN:
SF:lib/dndScrub.js
FN:5,normalizePhone
FN:9,loadFromEnv
FN:13,(anonymous_2)
FN:21,isDndNumber
FN:25,addToDnd
FN:32,loadDndFromFile
FN:36,(anonymous_6)
FN:44,clearDndList
FNF:8
FNH:6
FNDA:6,normalizePhone
FNDA:2,loadFromEnv
FNDA:2,(anonymous_2)
FNDA:2,isDndNumber
FNDA:2,addToDnd
FNDA:0,loadDndFromFile
FNDA:0,(anonymous_6)
FNDA:2,clearDndList
DA:1,2
DA:3,2
DA:6,6
DA:10,2
DA:11,2
DA:13,2
DA:16,2
DA:17,0
DA:22,2
DA:26,2
DA:27,2
DA:28,2
DA:33,0
DA:34,0
DA:36,0
DA:39,0
DA:40,0
DA:45,2
DA:48,2
DA:50,2
LF:20
LH:14
BRDA:6,0,0,6
BRDA:6,0,1,2
BRDA:10,1,0,2
BRDA:10,1,1,2
BRDA:27,2,0,2
BRDA:27,2,1,0
BRF:6
BRH:5
end_of_record
TN:
SF:src/api/dashboard.js
FN:6,maskPhone
FN:17,(anonymous_1)
FN:38,(anonymous_2)
FN:58,(anonymous_3)
FNF:4
FNH:4
FNDA:1,maskPhone
FNDA:1,(anonymous_1)
FNDA:1,(anonymous_2)
FNDA:1,(anonymous_3)
DA:1,1
DA:2,1
DA:4,1
DA:7,1
DA:8,0
DA:11,1
DA:12,1
DA:13,1
DA:14,1
DA:17,1
DA:18,1
DA:19,1
DA:38,1
DA:51,1
DA:53,0
DA:54,0
DA:58,1
DA:59,1
DA:60,1
DA:71,1
DA:72,1
DA:73,1
DA:74,1
DA:76,1
DA:83,0
DA:84,0
DA:88,1
LF:27
LH:22
BRDA:7,0,0,0
BRDA:7,0,1,1
BRDA:7,1,0,1
BRDA:7,1,1,1
BRDA:8,2,0,0
BRDA:8,2,1,0
BRDA:12,3,0,1
BRDA:12,3,1,0
BRDA:71,4,0,1
BRDA:71,4,1,0
BRDA:72,5,0,1
BRDA:72,5,1,0
BRDA:74,6,0,0
BRDA:74,6,1,1
BRDA:79,7,0,1
BRDA:79,7,1,0
BRF:16
BRH:8
end_of_record
TN:
SF:src/crm/ticket.js
FN:6,setIo
FN:10,generateTicketRef
FN:22,getSlaDeadline
FN:34,isSlaBreached
FN:47,createTicket
FNF:5
FNH:5
FNDA:5,setIo
FNDA:3,generateTicketRef
FNDA:3,getSlaDeadline
FNDA:1,isSlaBreached
FNDA:3,createTicket
DA:1,2
DA:2,2
DA:4,2
DA:7,5
DA:11,3
DA:12,3
DA:14,3
DA:15,18
DA:16,18
DA:19,3
DA:23,3
DA:24,3
DA:29,3
DA:30,3
DA:31,3
DA:35,1
DA:36,0
DA:39,1
DA:40,1
DA:41,0
DA:44,1
DA:48,3
DA:50,3
DA:51,3
DA:53,3
DA:60,3
DA:61,3
DA:63,0
DA:67,0
DA:70,3
DA:71,3
DA:73,3
DA:88,2
DA:89,2
DA:90,2
DA:91,2
DA:93,2
DA:95,1
DA:96,1
DA:98,3
DA:102,2
LF:41
LH:37
BRDA:29,0,0,3
BRDA:29,0,1,0
BRDA:35,1,0,0
BRDA:35,1,1,1
BRDA:40,2,0,0
BRDA:40,2,1,1
BRDA:60,3,0,3
BRDA:60,3,1,0
BRDA:90,4,0,2
BRDA:90,4,1,0
BRF:10
BRH:5
end_of_record
