TN:
SF:src\middleware.ts
FN:5,middleware
FN:21,(anonymous_1)
FNF:2
FNH:0
FNDA:0,middleware
FNDA:0,(anonymous_1)
DA:6,0
DA:7,0
DA:9,0
DA:10,0
DA:13,0
DA:14,0
DA:17,0
DA:22,0
DA:24,0
DA:30,0
DA:33,0
DA:39,0
LF:12
LH:0
BRDA:9,0,0,0
BRDA:9,0,1,0
BRDA:9,1,0,0
BRDA:9,1,1,0
BRDA:13,2,0,0
BRDA:13,2,1,0
BRDA:13,3,0,0
BRDA:13,3,1,0
BRDA:24,4,0,0
BRDA:24,4,1,0
BRDA:25,5,0,0
BRDA:25,5,1,0
BRDA:25,5,2,0
BRDA:25,5,3,0
BRF:14
BRH:0
end_of_record
TN:
SF:src\app\error.tsx
FN:8,Error
FN:9,(anonymous_1)
FNF:2
FNH:0
FNDA:0,Error
FNDA:0,(anonymous_1)
DA:1,0
DA:9,0
DA:11,0
LF:3
LH:0
BRF:0
BRH:0
end_of_record
TN:
SF:src\app\loading.tsx
FN:3,Loading
FNF:1
FNH:0
FNDA:0,Loading
DA:4,0
LF:1
LH:0
BRF:0
BRH:0
end_of_record
TN:
SF:src\app\not-found.tsx
FN:5,NotFound
FNF:1
FNH:0
FNDA:0,NotFound
DA:6,0
LF:1
LH:0
BRF:0
BRH:0
end_of_record
TN:
SF:src\app\(auth)\login\index.ts
FNF:0
FNH:0
LF:0
LH:0
BRF:0
BRH:0
end_of_record
TN:
SF:src\app\(auth)\register\index.ts
FNF:0
FNH:0
LF:0
LH:0
BRF:0
BRH:0
end_of_record
TN:
SF:src\app\(dashboard)\admin\page.tsx
FN:7,AdminPage
FNF:1
FNH:0
FNDA:0,AdminPage
DA:8,0
DA:10,0
LF:2
LH:0
BRF:0
BRH:0
end_of_record
TN:
SF:src\app\(dashboard)\admin\users\page.tsx
FN:8,AdminUsersPage
FN:12,(anonymous_1)
FN:13,(anonymous_2)
FN:29,(anonymous_3)
FN:37,(anonymous_4)
FNF:5
FNH:0
FNDA:0,AdminUsersPage
FNDA:0,(anonymous_1)
FNDA:0,(anonymous_2)
FNDA:0,(anonymous_3)
FNDA:0,(anonymous_4)
DA:1,0
DA:9,0
DA:10,0
DA:12,0
DA:13,0
DA:14,0
DA:15,0
DA:16,0
DA:17,0
DA:19,0
DA:24,0
DA:29,0
DA:38,0
LF:13
LH:0
BRDA:17,0,0,0
BRDA:17,0,1,0
BRDA:28,1,0,0
BRDA:28,1,1,0
BRDA:30,2,0,0
BRDA:30,2,1,0
BRDA:42,3,0,0
BRDA:42,3,1,0
BRDA:42,4,0,0
BRDA:42,4,1,0
BRDA:44,5,0,0
BRDA:44,5,1,0
BRF:12
BRH:0
end_of_record
TN:
SF:src\app\(dashboard)\complaints\index.ts
FNF:0
FNH:0
LF:0
LH:0
BRF:0
BRH:0
end_of_record
TN:
SF:src\app\(dashboard)\dashboard\loading.tsx
FN:3,DashboardLoading
FN:11,(anonymous_1)
FNF:2
FNH:0
FNDA:0,DashboardLoading
FNDA:0,(anonymous_1)
DA:4,0
DA:11,0
LF:2
LH:0
BRF:0
BRH:0
end_of_record
TN:
SF:src\app\(dashboard)\dashboard\profile\page.tsx
FN:16,ProfilePage
FN:25,(anonymous_1)
FN:26,(anonymous_2)
FN:42,(anonymous_3)
FN:60,(anonymous_4)
FN:87,(anonymous_5)
FN:105,(anonymous_6)
FN:121,(anonymous_7)
FN:129,(anonymous_8)
FN:136,(anonymous_9)
FN:137,(anonymous_10)
FN:138,(anonymous_11)
FNF:12
FNH:0
FNDA:0,ProfilePage
FNDA:0,(anonymous_1)
FNDA:0,(anonymous_2)
FNDA:0,(anonymous_3)
FNDA:0,(anonymous_4)
FNDA:0,(anonymous_5)
FNDA:0,(anonymous_6)
FNDA:0,(anonymous_7)
FNDA:0,(anonymous_8)
FNDA:0,(anonymous_9)
FNDA:0,(anonymous_10)
FNDA:0,(anonymous_11)
DA:1,0
DA:17,0
DA:18,0
DA:19,0
DA:20,0
DA:21,0
DA:22,0
DA:23,0
DA:25,0
DA:26,0
DA:27,0
DA:28,0
DA:29,0
DA:30,0
DA:31,0
DA:32,0
DA:35,0
DA:37,0
DA:42,0
DA:43,0
DA:44,0
DA:45,0
DA:46,0
DA:49,0
DA:50,0
DA:51,0
DA:52,0
DA:54,0
DA:56,0
DA:60,0
DA:61,0
DA:62,0
DA:63,0
DA:64,0
DA:66,0
DA:67,0
DA:68,0
DA:72,0
DA:73,0
DA:74,0
DA:75,0
DA:77,0
DA:79,0
DA:83,0
DA:84,0
DA:87,0
DA:89,0
DA:105,0
DA:121,0
DA:129,0
DA:136,0
DA:137,0
DA:138,0
LF:53
LH:0
BRDA:30,0,0,0
BRDA:30,0,1,0
BRDA:32,1,0,0
BRDA:32,1,1,0
BRDA:32,2,0,0
BRDA:32,2,1,0
BRDA:50,3,0,0
BRDA:50,3,1,0
BRDA:50,4,0,0
BRDA:50,4,1,0
BRDA:54,5,0,0
BRDA:54,5,1,0
BRDA:62,6,0,0
BRDA:62,6,1,0
BRDA:73,7,0,0
BRDA:73,7,1,0
BRDA:73,8,0,0
BRDA:73,8,1,0
BRDA:77,9,0,0
BRDA:77,9,1,0
BRDA:83,10,0,0
BRDA:83,10,1,0
BRDA:87,11,0,0
BRDA:87,11,1,0
BRDA:102,12,0,0
BRDA:102,12,1,0
BRDA:103,13,0,0
BRDA:103,13,1,0
BRDA:125,14,0,0
BRDA:125,14,1,0
BRDA:131,15,0,0
BRDA:131,15,1,0
BRDA:139,16,0,0
BRDA:139,16,1,0
BRF:34
BRH:0
end_of_record
TN:
SF:src\app\(dashboard)\profile\index.ts
FNF:0
FNH:0
LF:0
LH:0
BRF:0
BRH:0
end_of_record
TN:
SF:src\app\(public)\index.ts
FNF:0
FNH:0
LF:0
LH:0
BRF:0
BRH:0
end_of_record
TN:
SF:src\app\api\admin\users\route.ts
FN:7,GET
FNF:1
FNH:0
FNDA:0,GET
DA:8,0
DA:9,0
DA:10,0
DA:11,0
DA:14,0
DA:15,0
DA:18,0
DA:26,0
DA:28,0
DA:29,0
LF:10
LH:0
BRDA:10,0,0,0
BRDA:10,0,1,0
BRDA:14,1,0,0
BRDA:14,1,1,0
BRF:4
BRH:0
end_of_record
TN:
SF:src\app\api\auth\[...nextauth]\route.ts
FN:15,(anonymous_0)
FN:67,(anonymous_1)
FN:79,(anonymous_2)
FNF:3
FNH:0
FNDA:0,(anonymous_0)
FNDA:0,(anonymous_1)
FNDA:0,(anonymous_2)
DA:7,0
DA:16,0
DA:17,0
DA:20,0
DA:24,0
DA:25,0
DA:28,0
DA:29,0
DA:30,0
DA:33,0
DA:35,0
DA:36,0
DA:37,0
DA:44,0
DA:47,0
DA:56,0
DA:68,0
DA:69,0
DA:70,0
DA:71,0
DA:72,0
DA:74,0
DA:75,0
DA:77,0
DA:80,0
DA:81,0
DA:82,0
DA:83,0
DA:84,0
DA:86,0
DA:100,0
LF:31
LH:0
BRDA:16,0,0,0
BRDA:16,0,1,0
BRDA:16,1,0,0
BRDA:16,1,1,0
BRDA:24,2,0,0
BRDA:24,2,1,0
BRDA:28,3,0,0
BRDA:28,3,1,0
BRDA:28,4,0,0
BRDA:28,4,1,0
BRDA:35,5,0,0
BRDA:35,5,1,0
BRDA:36,6,0,0
BRDA:36,6,1,0
BRDA:41,7,0,0
BRDA:41,7,1,0
BRDA:68,8,0,0
BRDA:68,8,1,0
BRDA:74,9,0,0
BRDA:74,9,1,0
BRDA:74,10,0,0
BRDA:74,10,1,0
BRDA:75,11,0,0
BRDA:75,11,1,0
BRDA:80,12,0,0
BRDA:80,12,1,0
BRF:26
BRH:0
end_of_record
TN:
SF:src\app\api\dashboard\stats\route.ts
FN:7,GET
FN:40,(anonymous_1)
FNF:2
FNH:0
FNDA:0,GET
FNDA:0,(anonymous_1)
DA:8,0
DA:9,0
DA:10,0
DA:11,0
DA:14,0
DA:15,0
DA:16,0
DA:17,0
DA:20,0
DA:38,0
DA:40,0
DA:44,0
DA:45,0
LF:13
LH:0
BRDA:10,0,0,0
BRDA:10,0,1,0
BRDA:16,1,0,0
BRDA:16,1,1,0
BRDA:17,2,0,0
BRDA:17,2,1,0
BRF:6
BRH:0
end_of_record
TN:
SF:src\app\api\users\me\password\route.ts
FN:14,PATCH
FNF:1
FNH:0
FNDA:0,PATCH
DA:9,0
DA:15,0
DA:16,0
DA:17,0
DA:19,0
DA:20,0
DA:22,0
DA:27,0
DA:29,0
DA:30,0
DA:32,0
DA:33,0
DA:38,0
DA:40,0
DA:41,0
LF:15
LH:0
BRDA:17,0,0,0
BRDA:17,0,1,0
BRDA:27,1,0,0
BRDA:27,1,1,0
BRDA:30,2,0,0
BRDA:30,2,1,0
BRDA:40,3,0,0
BRDA:40,3,1,0
BRDA:40,4,0,0
BRDA:40,4,1,0
BRF:10
BRH:0
end_of_record
TN:
SF:src\components\complaints\ComplaintCard.tsx
FN:18,ComplaintCard
FNF:1
FNH:1
FNDA:3,ComplaintCard
DA:19,3
DA:25,3
DA:26,3
DA:28,3
DA:32,3
LF:5
LH:5
BRDA:25,0,0,3
BRDA:25,0,1,0
BRDA:26,1,0,3
BRDA:26,1,1,0
BRDA:28,2,0,3
BRDA:28,2,1,0
BRDA:68,3,0,3
BRDA:68,3,1,0
BRDA:72,4,0,3
BRDA:72,4,1,0
BRF:10
BRH:5
end_of_record
TN:
SF:src\components\complaints\PriorityBadge.tsx
FN:5,PriorityBadge
FNF:1
FNH:1
FNDA:3,PriorityBadge
DA:6,3
DA:13,3
LF:2
LH:2
BRF:0
BRH:0
end_of_record
TN:
SF:src\components\complaints\StatusBadge.tsx
FN:4,StatusBadge
FNF:1
FNH:1
FNDA:3,StatusBadge
DA:5,3
DA:14,3
DA:23,3
LF:3
LH:3
BRF:0
BRH:0
end_of_record
TN:
SF:src\components\complaints\category-badge.tsx
FN:10,CategoryBadge
FNF:1
FNH:1
FNDA:10,CategoryBadge
DA:11,10
DA:12,10
DA:14,10
LF:3
LH:3
BRDA:11,0,0,10
BRDA:11,0,1,1
BRDA:12,1,0,10
BRDA:12,1,1,1
BRF:4
BRH:4
end_of_record
TN:
SF:src\components\complaints\complaint-card.tsx
FN:25,ComplaintCard
FNF:1
FNH:1
FNDA:6,ComplaintCard
DA:1,1
DA:26,6
DA:28,6
LF:3
LH:3
BRDA:26,0,0,6
BRDA:26,0,1,0
BRDA:31,1,0,6
BRDA:31,1,1,6
BRDA:31,1,2,0
BRDA:31,1,3,0
BRDA:34,2,0,0
BRDA:34,2,1,0
BRDA:61,3,0,6
BRDA:61,3,1,6
BRDA:74,4,0,6
BRDA:74,4,1,0
BRDA:78,5,0,6
BRDA:78,5,1,6
BRF:14
BRH:8
end_of_record
TN:
SF:src\components\complaints\index.ts
FNF:0
FNH:0
LF:0
LH:0
BRF:0
BRH:0
end_of_record
TN:
SF:src\components\complaints\status-badge.tsx
FN:10,StatusBadge
FNF:1
FNH:1
FNDA:11,StatusBadge
DA:11,11
DA:12,11
DA:14,11
LF:3
LH:3
BRDA:11,0,0,11
BRDA:11,0,1,1
BRDA:12,1,0,11
BRDA:12,1,1,1
BRF:4
BRH:4
end_of_record
TN:
SF:src\components\complaints\upvote-button.tsx
FN:17,UpvoteButton
FN:23,(anonymous_1)
FNF:2
FNH:0
FNDA:0,UpvoteButton
FNDA:0,(anonymous_1)
DA:1,0
DA:18,0
DA:19,0
DA:20,0
DA:21,0
DA:23,0
DA:24,0
DA:25,0
DA:26,0
DA:29,0
DA:30,0
DA:31,0
DA:35,0
DA:36,0
DA:37,0
DA:38,0
DA:39,0
DA:41,0
DA:44,0
DA:46,0
DA:50,0
LF:21
LH:0
BRDA:24,0,0,0
BRDA:24,0,1,0
BRDA:36,1,0,0
BRDA:36,1,1,0
BRDA:39,2,0,0
BRDA:39,2,1,0
BRDA:41,3,0,0
BRDA:41,3,1,0
BRDA:52,4,0,0
BRDA:52,4,1,0
BRDA:55,5,0,0
BRDA:55,5,1,0
BRDA:60,6,0,0
BRDA:60,6,1,0
BRDA:63,7,0,0
BRDA:63,7,1,0
BRDA:65,8,0,0
BRDA:65,8,1,0
BRDA:66,9,0,0
BRDA:66,9,1,0
BRF:20
BRH:0
end_of_record
TN:
SF:src\components\dashboard\header.tsx
FN:19,Header
FNF:1
FNH:0
FNDA:0,Header
DA:1,0
DA:10,0
DA:20,0
LF:3
LH:0
BRF:0
BRH:0
end_of_record
TN:
SF:src\components\dashboard\mobile-client-dashboard.tsx
FN:5,MobileClientDashboard
FNF:1
FNH:0
FNDA:0,MobileClientDashboard
DA:1,0
DA:6,0
LF:2
LH:0
BRF:0
BRH:0
end_of_record
TN:
SF:src\components\dashboard\sidebar.tsx
FN:34,Sidebar
FN:60,(anonymous_1)
FN:66,(anonymous_2)
FN:94,(anonymous_3)
FNF:4
FNH:0
FNDA:0,Sidebar
FNDA:0,(anonymous_1)
FNDA:0,(anonymous_2)
FNDA:0,(anonymous_3)
DA:1,0
DA:25,0
DA:40,0
DA:61,0
DA:62,0
DA:63,0
DA:66,0
DA:94,0
LF:8
LH:0
BRDA:45,0,0,0
BRDA:45,0,1,0
BRDA:49,1,0,0
BRDA:49,1,1,0
BRDA:69,2,0,0
BRDA:69,2,1,0
BRDA:75,3,0,0
BRDA:75,3,1,0
BRDA:76,4,0,0
BRDA:76,4,1,0
BRDA:84,5,0,0
BRDA:84,5,1,0
BRDA:97,6,0,0
BRDA:97,6,1,0
BRDA:98,7,0,0
BRDA:98,7,1,0
BRF:16
BRH:0
end_of_record
TN:
SF:src\components\dashboard\sections\gismap.tsx
FN:8,(anonymous_0)
FN:8,(anonymous_1)
FN:9,(anonymous_2)
FN:9,(anonymous_3)
FN:10,(anonymous_4)
FN:10,(anonymous_5)
FN:11,(anonymous_6)
FN:11,(anonymous_7)
FN:30,GisSection
FN:35,(anonymous_9)
FN:37,(anonymous_10)
FN:42,(anonymous_11)
FN:57,(anonymous_12)
FN:62,(anonymous_13)
FN:64,(anonymous_14)
FN:78,(anonymous_15)
FN:122,(anonymous_16)
FN:132,(anonymous_17)
FN:145,(anonymous_18)
FNF:19
FNH:0
FNDA:0,(anonymous_0)
FNDA:0,(anonymous_1)
FNDA:0,(anonymous_2)
FNDA:0,(anonymous_3)
FNDA:0,(anonymous_4)
FNDA:0,(anonymous_5)
FNDA:0,(anonymous_6)
FNDA:0,(anonymous_7)
FNDA:0,GisSection
FNDA:0,(anonymous_9)
FNDA:0,(anonymous_10)
FNDA:0,(anonymous_11)
FNDA:0,(anonymous_12)
FNDA:0,(anonymous_13)
FNDA:0,(anonymous_14)
FNDA:0,(anonymous_15)
FNDA:0,(anonymous_16)
FNDA:0,(anonymous_17)
FNDA:0,(anonymous_18)
DA:1,0
DA:8,0
DA:9,0
DA:10,0
DA:11,0
DA:24,0
DA:31,0
DA:32,0
DA:33,0
DA:35,0
DA:36,0
DA:37,0
DA:38,0
DA:39,0
DA:40,0
DA:41,0
DA:42,0
DA:52,0
DA:57,0
DA:58,0
DA:62,0
DA:64,0
DA:65,0
DA:72,0
DA:79,0
DA:122,0
DA:132,0
DA:146,0
LF:28
LH:0
BRDA:41,0,0,0
BRDA:41,0,1,0
BRDA:41,1,0,0
BRDA:41,1,1,0
BRDA:41,1,2,0
BRDA:45,2,0,0
BRDA:45,2,1,0
BRDA:46,3,0,0
BRDA:46,3,1,0
BRDA:46,4,0,0
BRDA:46,4,1,0
BRDA:47,5,0,0
BRDA:47,5,1,0
BRDA:47,6,0,0
BRDA:47,6,1,0
BRDA:48,7,0,0
BRDA:48,7,1,0
BRDA:49,8,0,0
BRDA:49,8,1,0
BRDA:50,9,0,0
BRDA:50,9,1,0
BRDA:52,10,0,0
BRDA:52,10,1,0
BRDA:65,11,0,0
BRDA:65,11,1,0
BRDA:65,11,2,0
BRDA:65,11,3,0
BRDA:82,12,0,0
BRDA:82,12,1,0
BRDA:82,13,0,0
BRDA:82,13,1,0
BRDA:85,14,0,0
BRDA:85,14,1,0
BRDA:87,15,0,0
BRDA:87,15,1,0
BRDA:91,16,0,0
BRDA:91,16,1,0
BRDA:93,17,0,0
BRDA:93,17,1,0
BRF:39
BRH:0
end_of_record
TN:
SF:src\components\dashboard\sections\overview.tsx
FN:8,(anonymous_0)
FN:8,(anonymous_1)
FN:9,(anonymous_2)
FN:9,(anonymous_3)
FN:10,(anonymous_4)
FN:10,(anonymous_5)
FN:11,(anonymous_6)
FN:11,(anonymous_7)
FN:32,StatCard
FN:42,MiniIncidentMap
FN:47,(anonymous_10)
FN:66,OverviewSection
FN:69,(anonymous_12)
FN:71,(anonymous_13)
FN:76,(anonymous_14)
FN:92,(anonymous_15)
FN:97,(anonymous_16)
FN:98,(anonymous_17)
FN:138,(anonymous_18)
FN:196,(anonymous_19)
FNF:20
FNH:0
FNDA:0,(anonymous_0)
FNDA:0,(anonymous_1)
FNDA:0,(anonymous_2)
FNDA:0,(anonymous_3)
FNDA:0,(anonymous_4)
FNDA:0,(anonymous_5)
FNDA:0,(anonymous_6)
FNDA:0,(anonymous_7)
FNDA:0,StatCard
FNDA:0,MiniIncidentMap
FNDA:0,(anonymous_10)
FNDA:0,OverviewSection
FNDA:0,(anonymous_12)
FNDA:0,(anonymous_13)
FNDA:0,(anonymous_14)
FNDA:0,(anonymous_15)
FNDA:0,(anonymous_16)
FNDA:0,(anonymous_17)
FNDA:0,(anonymous_18)
FNDA:0,(anonymous_19)
DA:1,0
DA:8,0
DA:9,0
DA:10,0
DA:11,0
DA:25,0
DA:33,0
DA:43,0
DA:48,0
DA:67,0
DA:69,0
DA:70,0
DA:71,0
DA:72,0
DA:73,0
DA:74,0
DA:75,0
DA:76,0
DA:87,0
DA:92,0
DA:93,0
DA:97,0
DA:98,0
DA:102,0
DA:104,0
DA:139,0
DA:197,0
LF:27
LH:0
BRDA:51,0,0,0
BRDA:51,0,1,0
BRDA:53,1,0,0
BRDA:53,1,1,0
BRDA:54,2,0,0
BRDA:54,2,1,0
BRDA:75,3,0,0
BRDA:75,3,1,0
BRDA:75,4,0,0
BRDA:75,4,1,0
BRDA:75,4,2,0
BRDA:79,5,0,0
BRDA:79,5,1,0
BRDA:80,6,0,0
BRDA:80,6,1,0
BRDA:80,7,0,0
BRDA:80,7,1,0
BRDA:81,8,0,0
BRDA:81,8,1,0
BRDA:81,9,0,0
BRDA:81,9,1,0
BRDA:82,10,0,0
BRDA:82,10,1,0
BRDA:83,11,0,0
BRDA:83,11,1,0
BRDA:84,12,0,0
BRDA:84,12,1,0
BRDA:85,13,0,0
BRDA:85,13,1,0
BRDA:87,14,0,0
BRDA:87,14,1,0
BRDA:145,15,0,0
BRDA:145,15,1,0
BRDA:147,16,0,0
BRDA:147,16,1,0
BRDA:159,17,0,0
BRDA:159,17,1,0
BRDA:161,18,0,0
BRDA:161,18,1,0
BRF:39
BRH:0
end_of_record
TN:
SF:src\components\file-upload\index.ts
FNF:0
FNH:0
LF:0
LH:0
BRF:0
BRH:0
end_of_record
TN:
SF:src\components\files\file-uploader.tsx
FN:25,FileUploader
FN:35,(anonymous_1)
FN:43,(anonymous_2)
FN:55,(anonymous_3)
FN:56,(anonymous_4)
FN:56,(anonymous_5)
FN:59,(anonymous_6)
FN:67,(anonymous_7)
FN:89,(anonymous_8)
FN:119,(anonymous_9)
FN:128,(anonymous_10)
FN:144,(anonymous_11)
FN:157,(anonymous_12)
FNF:13
FNH:0
FNDA:0,FileUploader
FNDA:0,(anonymous_1)
FNDA:0,(anonymous_2)
FNDA:0,(anonymous_3)
FNDA:0,(anonymous_4)
FNDA:0,(anonymous_5)
FNDA:0,(anonymous_6)
FNDA:0,(anonymous_7)
FNDA:0,(anonymous_8)
FNDA:0,(anonymous_9)
FNDA:0,(anonymous_10)
FNDA:0,(anonymous_11)
FNDA:0,(anonymous_12)
DA:1,0
DA:31,0
DA:32,0
DA:33,0
DA:35,0
DA:36,0
DA:38,0
DA:39,0
DA:40,0
DA:43,0
DA:46,0
DA:55,0
DA:56,0
DA:59,0
DA:60,0
DA:62,0
DA:63,0
DA:65,0
DA:66,0
DA:67,0
DA:69,0
DA:74,0
DA:75,0
DA:77,0
DA:78,0
DA:81,0
DA:82,0
DA:83,0
DA:84,0
DA:86,0
DA:88,0
DA:89,0
DA:93,0
DA:120,0
DA:128,0
DA:145,0
DA:157,0
LF:37
LH:0
BRDA:27,0,0,0
BRDA:28,1,0,0
BRDA:38,2,0,0
BRDA:38,2,1,0
BRDA:60,3,0,0
BRDA:60,3,1,0
BRDA:77,4,0,0
BRDA:77,4,1,0
BRDA:78,5,0,0
BRDA:78,5,1,0
BRDA:86,6,0,0
BRDA:86,6,1,0
BRDA:99,7,0,0
BRDA:99,7,1,0
BRDA:100,8,0,0
BRDA:100,8,1,0
BRDA:106,9,0,0
BRDA:106,9,1,0
BRDA:115,10,0,0
BRDA:115,10,1,0
BRDA:122,11,0,0
BRDA:122,11,1,0
BRDA:126,12,0,0
BRDA:126,12,1,0
BRDA:140,13,0,0
BRDA:140,13,1,0
BRDA:171,14,0,0
BRDA:171,14,1,0
BRDA:179,15,0,0
BRDA:179,15,1,0
BRDA:186,16,0,0
BRDA:186,16,1,0
BRDA:186,16,2,0
BRF:33
BRH:0
end_of_record
TN:
SF:src\components\files\image-gallery.tsx
FN:17,ImageGallery
FN:22,(anonymous_1)
FN:23,(anonymous_2)
FN:25,(anonymous_3)
FN:30,(anonymous_4)
FN:38,(anonymous_5)
FN:42,(anonymous_6)
FNF:7
FNH:0
FNDA:0,ImageGallery
FNDA:0,(anonymous_1)
FNDA:0,(anonymous_2)
FNDA:0,(anonymous_3)
FNDA:0,(anonymous_4)
FNDA:0,(anonymous_5)
FNDA:0,(anonymous_6)
DA:1,0
DA:18,0
DA:20,0
DA:22,0
DA:23,0
DA:25,0
DA:26,0
DA:27,0
DA:30,0
DA:31,0
DA:32,0
DA:35,0
DA:39,0
DA:42,0
LF:14
LH:0
BRDA:20,0,0,0
BRDA:20,0,1,0
BRDA:26,1,0,0
BRDA:26,1,1,0
BRDA:31,2,0,0
BRDA:31,2,1,0
BRDA:46,3,0,0
BRDA:46,3,1,0
BRDA:59,4,0,0
BRDA:59,4,1,0
BRDA:69,5,0,0
BRDA:69,5,1,0
BRF:12
BRH:0
end_of_record
TN:
SF:src\components\forms\CreateComplaintForm.tsx
FN:20,CreateComplaintForm
FN:38,(anonymous_1)
FN:44,onSubmit
FN:79,(anonymous_3)
FN:93,(anonymous_4)
FN:103,(anonymous_5)
FN:118,(anonymous_6)
FN:136,(anonymous_7)
FNF:8
FNH:0
FNDA:0,CreateComplaintForm
FNDA:0,(anonymous_1)
FNDA:0,onSubmit
FNDA:0,(anonymous_3)
FNDA:0,(anonymous_4)
FNDA:0,(anonymous_5)
FNDA:0,(anonymous_6)
FNDA:0,(anonymous_7)
DA:1,0
DA:21,0
DA:22,0
DA:23,0
DA:25,0
DA:38,0
DA:39,0
DA:40,0
DA:41,0
DA:45,0
DA:46,0
DA:47,0
DA:53,0
DA:55,0
DA:59,0
DA:60,0
DA:61,0
DA:63,0
DA:69,0
DA:73,0
DA:80,0
DA:94,0
DA:104,0
DA:119,0
DA:137,0
LF:25
LH:0
BRDA:53,0,0,0
BRDA:53,0,1,0
BRDA:156,1,0,0
BRDA:156,1,1,0
BRDA:164,2,0,0
BRDA:164,2,1,0
BRF:6
BRH:0
end_of_record
TN:
SF:src\components\forms\index.ts
FNF:0
FNH:0
LF:0
LH:0
BRF:0
BRH:0
end_of_record
TN:
SF:src\components\layout\DashboardLayout.tsx
FN:6,DashboardLayout
FNF:1
FNH:0
FNDA:0,DashboardLayout
DA:7,0
LF:1
LH:0
BRF:0
BRH:0
end_of_record
TN:
SF:src\components\layout\Header.tsx
FN:16,Header
FN:59,(anonymous_1)
FNF:2
FNH:0
FNDA:0,Header
FNDA:0,(anonymous_1)
DA:1,0
DA:17,0
DA:19,0
DA:59,0
LF:4
LH:0
BRDA:35,0,0,0
BRDA:35,0,1,0
BRDA:40,1,0,0
BRDA:40,1,1,0
BRDA:41,2,0,0
BRDA:41,2,1,0
BRF:6
BRH:0
end_of_record
TN:
SF:src\components\layout\PageContainer.tsx
FN:12,PageContainer
FNF:1
FNH:0
FNDA:0,PageContainer
DA:19,0
LF:1
LH:0
BRDA:20,0,0,0
BRDA:20,0,1,0
BRDA:20,0,2,0
BRDA:24,1,0,0
BRDA:24,1,1,0
BRDA:25,2,0,0
BRDA:25,2,1,0
BRDA:27,3,0,0
BRDA:27,3,1,0
BRF:9
BRH:0
end_of_record
TN:
SF:src\components\layouts\index.ts
FNF:0
FNH:0
LF:0
LH:0
BRF:0
BRH:0
end_of_record
TN:
SF:src\components\shared\FileDisplay.tsx
FN:21,FileDisplay
FN:26,(anonymous_1)
FNF:2
FNH:0
FNDA:0,FileDisplay
FNDA:0,(anonymous_1)
DA:1,0
DA:22,0
DA:24,0
DA:27,0
DA:29,0
LF:5
LH:0
BRDA:22,0,0,0
BRDA:22,0,1,0
BRDA:22,1,0,0
BRDA:22,1,1,0
BRDA:35,2,0,0
BRDA:35,2,1,0
BRF:6
BRH:0
end_of_record
TN:
SF:src\components\shared\index.ts
FNF:0
FNH:0
LF:0
LH:0
BRF:0
BRH:0
end_of_record
TN:
SF:src\config\index.ts
FNF:0
FNH:0
LF:0
LH:0
BRF:0
BRH:0
end_of_record
TN:
SF:src\config\upload.ts
FNF:0
FNH:0
DA:3,0
LF:1
LH:0
BRDA:5,0,0,0
BRDA:5,0,1,0
BRF:2
BRH:0
end_of_record
TN:
SF:src\constants\api.constants.ts
FNF:0
FNH:0
DA:1,2
DA:15,2
DA:25,2
DA:34,2
LF:4
LH:4
BRF:0
BRH:0
end_of_record
TN:
SF:src\constants\app.constants.ts
FNF:0
FNH:0
DA:1,0
LF:1
LH:0
BRF:0
BRH:0
end_of_record
TN:
SF:src\constants\complaint.constants.ts
FN:1,(anonymous_0)
FN:10,(anonymous_1)
FNF:2
FNH:2
FNDA:4,(anonymous_0)
FNDA:4,(anonymous_1)
DA:1,4
DA:2,4
DA:3,4
DA:4,4
DA:5,4
DA:6,4
DA:7,4
DA:10,4
DA:11,4
DA:12,4
DA:13,4
DA:14,4
DA:15,4
DA:16,4
DA:17,4
DA:20,4
DA:30,4
DA:39,4
DA:49,4
LF:19
LH:19
BRF:0
BRH:0
end_of_record
TN:
SF:src\constants\index.ts
FNF:0
FNH:0
LF:0
LH:0
BRF:0
BRH:0
end_of_record
TN:
SF:src\constants\validation.constants.ts
FNF:0
FNH:0
DA:1,0
LF:1
LH:0
BRF:0
BRH:0
end_of_record
TN:
SF:src\hooks\index.ts
FNF:0
FNH:0
LF:0
LH:0
BRF:0
BRH:0
end_of_record
TN:
SF:src\lib\api-response.ts
FN:3,successResponse
FN:7,errorResponse
FN:11,paginatedResponse
FN:25,notFoundResponse
FN:29,unauthorizedResponse
FN:33,forbiddenResponse
FN:37,validationErrorResponse
FNF:7
FNH:7
FNDA:2,successResponse
FNDA:5,errorResponse
FNDA:2,paginatedResponse
FNDA:1,notFoundResponse
FNDA:1,unauthorizedResponse
FNDA:1,forbiddenResponse
FNDA:1,validationErrorResponse
DA:4,2
DA:8,5
DA:12,2
DA:26,1
DA:30,1
DA:34,1
DA:38,1
LF:7
LH:7
BRDA:3,0,0,2
BRDA:3,1,0,2
BRDA:7,2,0,5
BRDA:7,3,0,5
BRDA:25,4,0,1
BRDA:29,5,0,1
BRDA:33,6,0,1
BRF:7
BRH:7
end_of_record
TN:
SF:src\lib\api-wrapper.ts
FN:22,withErrorHandler
FN:23,(anonymous_1)
FN:52,withAuth
FN:53,(anonymous_3)
FN:71,withRole
FN:72,(anonymous_5)
FN:73,(anonymous_6)
FN:98,withValidation
FN:99,(anonymous_8)
FN:100,(anonymous_9)
FN:123,compose
FN:124,(anonymous_11)
FN:125,(anonymous_12)
FNF:13
FNH:0
FNDA:0,withErrorHandler
FNDA:0,(anonymous_1)
FNDA:0,withAuth
FNDA:0,(anonymous_3)
FNDA:0,withRole
FNDA:0,(anonymous_5)
FNDA:0,(anonymous_6)
FNDA:0,withValidation
FNDA:0,(anonymous_8)
FNDA:0,(anonymous_9)
FNDA:0,compose
FNDA:0,(anonymous_11)
FNDA:0,(anonymous_12)
DA:23,0
DA:24,0
DA:25,0
DA:27,0
DA:29,0
DA:31,0
DA:32,0
DA:34,0
DA:35,0
DA:37,0
DA:38,0
DA:41,0
DA:44,0
DA:53,0
DA:54,0
DA:56,0
DA:57,0
DA:60,0
DA:72,0
DA:73,0
DA:74,0
DA:76,0
DA:77,0
DA:80,0
DA:81,0
DA:84,0
DA:99,0
DA:100,0
DA:101,0
DA:102,0
DA:103,0
DA:105,0
DA:110,0
DA:117,0
DA:124,0
DA:125,0
LF:36
LH:0
BRDA:29,0,0,0
BRDA:29,0,1,0
BRDA:31,1,0,0
BRDA:31,1,1,0
BRDA:34,2,0,0
BRDA:34,2,1,0
BRDA:37,3,0,0
BRDA:37,3,1,0
BRDA:56,4,0,0
BRDA:56,4,1,0
BRDA:56,5,0,0
BRDA:56,5,1,0
BRDA:76,6,0,0
BRDA:76,6,1,0
BRDA:76,7,0,0
BRDA:76,7,1,0
BRDA:80,8,0,0
BRDA:80,8,1,0
BRDA:111,9,0,0
BRDA:111,9,1,0
BRDA:117,10,0,0
BRDA:117,10,1,0
BRF:22
BRH:0
end_of_record
TN:
SF:src\lib\auth-utils.ts
FN:7,getCurrentUser
FN:12,requireAuth
FN:20,requireRole
FN:28,hashPassword
FN:33,verifyPassword
FNF:5
FNH:0
FNDA:0,getCurrentUser
FNDA:0,requireAuth
FNDA:0,requireRole
FNDA:0,hashPassword
FNDA:0,verifyPassword
DA:8,0
DA:9,0
DA:13,0
DA:14,0
DA:15,0
DA:17,0
DA:21,0
DA:22,0
DA:23,0
DA:25,0
DA:29,0
DA:30,0
DA:34,0
LF:13
LH:0
BRDA:14,0,0,0
BRDA:14,0,1,0
BRDA:22,1,0,0
BRDA:22,1,1,0
BRF:4
BRH:0
end_of_record
TN:
SF:src\lib\auth.ts
FN:22,(anonymous_0)
FN:78,(anonymous_1)
FN:91,(anonymous_2)
FN:115,getSession
FN:119,getCurrentUser
FN:124,requireAuth
FN:132,requireAdmin
FNF:7
FNH:0
FNDA:0,(anonymous_0)
FNDA:0,(anonymous_1)
FNDA:0,(anonymous_2)
FNDA:0,getSession
FNDA:0,getCurrentUser
FNDA:0,requireAuth
FNDA:0,requireAdmin
DA:8,0
DA:10,0
DA:11,0
DA:14,0
DA:23,0
DA:24,0
DA:27,0
DA:31,0
DA:32,0
DA:35,0
DA:36,0
DA:39,0
DA:40,0
DA:44,0
DA:45,0
DA:46,0
DA:56,0
DA:59,0
DA:68,0
DA:79,0
DA:80,0
DA:81,0
DA:82,0
DA:83,0
DA:84,0
DA:86,0
DA:87,0
DA:89,0
DA:92,0
DA:93,0
DA:101,0
DA:116,0
DA:120,0
DA:121,0
DA:125,0
DA:126,0
DA:127,0
DA:129,0
DA:133,0
DA:134,0
DA:135,0
DA:137,0
LF:42
LH:0
BRDA:8,0,0,0
BRDA:8,0,1,0
BRDA:10,1,0,0
BRDA:10,1,1,0
BRDA:10,2,0,0
BRDA:10,2,1,0
BRDA:23,3,0,0
BRDA:23,3,1,0
BRDA:23,4,0,0
BRDA:23,4,1,0
BRDA:31,5,0,0
BRDA:31,5,1,0
BRDA:35,6,0,0
BRDA:35,6,1,0
BRDA:35,7,0,0
BRDA:35,7,1,0
BRDA:39,8,0,0
BRDA:39,8,1,0
BRDA:40,9,0,0
BRDA:40,9,1,0
BRDA:44,10,0,0
BRDA:44,10,1,0
BRDA:45,11,0,0
BRDA:45,11,1,0
BRDA:51,12,0,0
BRDA:51,12,1,0
BRDA:79,13,0,0
BRDA:79,13,1,0
BRDA:86,14,0,0
BRDA:86,14,1,0
BRDA:86,15,0,0
BRDA:86,15,1,0
BRDA:87,16,0,0
BRDA:87,16,1,0
BRDA:92,17,0,0
BRDA:92,17,1,0
BRDA:126,18,0,0
BRDA:126,18,1,0
BRDA:134,19,0,0
BRDA:134,19,1,0
BRF:40
BRH:0
end_of_record
TN:
SF:src\lib\cloudinary.ts
FN:20,uploadToCloudinary
FN:25,(anonymous_1)
FN:36,(anonymous_2)
FN:62,deleteFromCloudinary
FN:66,validateFile
FNF:5
FNH:0
FNDA:0,uploadToCloudinary
FNDA:0,(anonymous_1)
FNDA:0,(anonymous_2)
FNDA:0,deleteFromCloudinary
FNDA:0,validateFile
DA:4,0
DA:13,0
DA:25,0
DA:26,0
DA:38,0
DA:39,0
DA:41,0
DA:50,0
DA:58,0
DA:63,0
DA:67,0
DA:68,0
DA:71,0
DA:72,0
DA:75,0
LF:15
LH:0
BRDA:23,0,0,0
BRDA:38,1,0,0
BRDA:38,1,1,0
BRDA:39,2,0,0
BRDA:39,2,1,0
BRDA:67,3,0,0
BRDA:67,3,1,0
BRDA:71,4,0,0
BRDA:71,4,1,0
BRF:9
BRH:0
end_of_record
TN:
SF:src\lib\constants.ts
FNF:0
FNH:0
DA:1,4
DA:12,4
DA:24,4
DA:33,4
DA:43,4
DA:52,4
DA:62,4
DA:68,4
LF:8
LH:8
BRF:0
BRH:0
end_of_record
TN:
SF:src\lib\db-utils.ts
FN:4,checkConnection
FN:18,extractPrismaError
FNF:2
FNH:0
FNDA:0,checkConnection
FNDA:0,extractPrismaError
DA:5,0
DA:6,0
DA:7,0
DA:9,0
DA:11,0
DA:19,0
DA:20,0
DA:22,0
DA:24,0
DA:26,0
DA:28,0
DA:30,0
DA:33,0
LF:13
LH:0
BRDA:19,0,0,0
BRDA:19,0,1,0
BRDA:20,1,0,0
BRDA:20,1,1,0
BRDA:20,1,2,0
BRDA:20,1,3,0
BRDA:20,1,4,0
BRF:7
BRH:0
end_of_record
TN:
SF:src\lib\error-handler.ts
FN:8,(anonymous_0)
FN:20,(anonymous_1)
FN:27,(anonymous_2)
FN:33,(anonymous_3)
FN:39,(anonymous_4)
FN:45,(anonymous_5)
FN:51,(anonymous_6)
FN:56,handleError
FNF:8
FNH:2
FNDA:1,(anonymous_0)
FNDA:1,(anonymous_1)
FNDA:0,(anonymous_2)
FNDA:0,(anonymous_3)
FNDA:0,(anonymous_4)
FNDA:0,(anonymous_5)
FNDA:0,(anonymous_6)
FNDA:0,handleError
DA:9,1
DA:10,1
DA:11,1
DA:12,1
DA:13,1
DA:14,1
DA:21,1
DA:22,1
DA:28,0
DA:34,0
DA:40,0
DA:46,0
DA:52,0
DA:57,0
DA:58,0
DA:62,0
DA:64,0
DA:65,0
LF:18
LH:8
BRDA:8,0,0,1
BRDA:27,1,0,0
BRDA:33,2,0,0
BRDA:39,3,0,0
BRDA:45,4,0,0
BRDA:51,5,0,0
BRDA:57,6,0,0
BRDA:57,6,1,0
BRDA:64,7,0,0
BRDA:64,7,1,0
BRF:10
BRH:1
end_of_record
TN:
SF:src\lib\prisma.ts
FNF:0
FNH:0
DA:3,0
DA:7,0
DA:9,0
LF:3
LH:0
BRDA:7,0,0,0
BRDA:7,0,1,0
BRDA:9,1,0,0
BRDA:9,1,1,0
BRF:4
BRH:0
end_of_record
TN:
SF:src\lib\rate-limit.ts
FN:12,checkRateLimit
FN:40,(anonymous_1)
FNF:2
FNH:0
FNDA:0,checkRateLimit
FNDA:0,(anonymous_1)
DA:5,0
DA:7,0
DA:13,0
DA:14,0
DA:16,0
DA:17,0
DA:19,0
DA:20,0
DA:21,0
DA:25,0
DA:26,0
DA:27,0
DA:28,0
DA:31,0
DA:32,0
DA:33,0
DA:40,0
DA:41,0
DA:42,0
DA:43,0
DA:44,0
LF:21
LH:0
BRDA:13,0,0,0
BRDA:13,0,1,0
BRDA:13,0,2,0
BRDA:14,1,0,0
BRDA:14,1,1,0
BRDA:19,2,0,0
BRDA:19,2,1,0
BRDA:25,3,0,0
BRDA:25,3,1,0
BRDA:32,4,0,0
BRDA:32,4,1,0
BRDA:43,5,0,0
BRDA:43,5,1,0
BRF:13
BRH:0
end_of_record
TN:
SF:src\lib\sanitize.ts
FN:7,sanitizeString
FN:14,sanitizeHtml
FN:21,sanitizeEmail
FN:25,sanitizeSearchQuery
FN:32,validateFileName
FNF:5
FNH:0
FNDA:0,sanitizeString
FNDA:0,sanitizeHtml
FNDA:0,sanitizeEmail
FNDA:0,sanitizeSearchQuery
FNDA:0,validateFileName
DA:4,0
DA:5,0
DA:8,0
DA:15,0
DA:22,0
DA:26,0
DA:33,0
LF:7
LH:0
BRF:0
BRH:0
end_of_record
TN:
SF:src\lib\types.ts
FNF:0
FNH:0
LF:0
LH:0
BRF:0
BRH:0
end_of_record
TN:
SF:src\lib\utils.ts
FN:4,cn
FN:8,formatDate
FN:16,formatDateTime
FN:26,truncate
FN:31,getInitials
FN:34,(anonymous_5)
FNF:6
FNH:5
FNDA:81,cn
FNDA:8,formatDate
FNDA:0,formatDateTime
FNDA:14,truncate
FNDA:3,getInitials
FNDA:6,(anonymous_5)
DA:5,81
DA:9,8
DA:17,0
DA:27,14
DA:28,9
DA:32,3
DA:34,6
LF:7
LH:6
BRDA:27,0,0,5
BRDA:27,0,1,9
BRF:2
BRH:2
end_of_record
TN:
SF:src\lib\validators.ts
FN:31,(anonymous_0)
FN:51,(anonymous_1)
FNF:2
FNH:1
FNDA:1,(anonymous_0)
FNDA:0,(anonymous_1)
DA:4,1
DA:19,1
DA:31,1
DA:35,1
DA:42,1
DA:47,1
DA:51,0
DA:55,1
LF:8
LH:7
BRF:0
BRH:0
end_of_record
TN:
SF:src\lib\validators\common.validator.ts
FNF:0
FNH:0
DA:5,0
DA:9,0
LF:2
LH:0
BRF:0
BRH:0
end_of_record
TN:
SF:src\lib\validators\complaint.validator.ts
FN:14,(anonymous_0)
FN:28,(anonymous_1)
FN:34,(anonymous_2)
FNF:3
FNH:0
FNDA:0,(anonymous_0)
FNDA:0,(anonymous_1)
FNDA:0,(anonymous_2)
DA:6,0
DA:14,0
DA:27,0
DA:28,0
DA:32,0
DA:34,0
DA:39,0
LF:7
LH:0
BRF:0
BRH:0
end_of_record
TN:
SF:src\lib\validators\index.ts
FN:10,validateRequest
FNF:1
FNH:0
FNDA:0,validateRequest
DA:11,0
DA:12,0
DA:14,0
DA:16,0
DA:17,0
DA:19,0
LF:6
LH:0
BRDA:14,0,0,0
BRDA:14,0,1,0
BRDA:16,1,0,0
BRDA:16,1,1,0
BRF:4
BRH:0
end_of_record
TN:
SF:src\lib\validators\user.validator.ts
FN:33,(anonymous_0)
FNF:1
FNH:0
FNDA:0,(anonymous_0)
DA:4,0
DA:19,0
DA:24,0
DA:33,0
LF:4
LH:0
BRF:0
BRH:0
end_of_record
TN:
SF:src\repositories\attachment.repository.ts
FN:6,(anonymous_0)
FN:10,(anonymous_1)
FN:16,(anonymous_2)
FN:23,(anonymous_3)
FNF:4
FNH:0
FNDA:0,(anonymous_0)
FNDA:0,(anonymous_1)
FNDA:0,(anonymous_2)
FNDA:0,(anonymous_3)
DA:7,0
DA:11,0
DA:17,0
DA:24,0
DA:30,0
LF:5
LH:0
BRF:0
BRH:0
end_of_record
TN:
SF:src\repositories\base.repository.ts
FN:4,(anonymous_0)
FN:6,(anonymous_1)
FN:10,(anonymous_2)
FN:50,(anonymous_3)
FN:54,(anonymous_4)
FN:61,(anonymous_5)
FNF:6
FNH:0
FNDA:0,(anonymous_0)
FNDA:0,(anonymous_1)
FNDA:0,(anonymous_2)
FNDA:0,(anonymous_3)
FNDA:0,(anonymous_4)
FNDA:0,(anonymous_5)
DA:4,0
DA:7,0
DA:14,0
DA:16,0
DA:17,0
DA:18,0
DA:21,0
DA:22,0
DA:24,0
DA:35,0
DA:37,0
DA:51,0
DA:55,0
DA:63,0
LF:14
LH:0
BRDA:16,0,0,0
BRDA:16,0,1,0
BRF:2
BRH:0
end_of_record
TN:
SF:src\repositories\complaint.repository.ts
FN:7,(anonymous_0)
FN:11,(anonymous_1)
FN:24,(anonymous_2)
FN:31,(anonymous_3)
FN:36,(anonymous_4)
FN:45,(anonymous_5)
FN:51,(anonymous_6)
FN:59,(anonymous_7)
FNF:8
FNH:0
FNDA:0,(anonymous_0)
FNDA:0,(anonymous_1)
FNDA:0,(anonymous_2)
FNDA:0,(anonymous_3)
FNDA:0,(anonymous_4)
FNDA:0,(anonymous_5)
FNDA:0,(anonymous_6)
FNDA:0,(anonymous_7)
DA:8,0
DA:12,0
DA:25,0
DA:33,0
DA:37,0
DA:42,0
DA:46,0
DA:52,0
DA:60,0
DA:66,0
LF:10
LH:0
BRF:0
BRH:0
end_of_record
TN:
SF:src\repositories\index.ts
FNF:0
FNH:0
LF:0
LH:0
BRF:0
BRH:0
end_of_record
TN:
SF:src\repositories\user.repository.ts
FN:6,(anonymous_0)
FN:10,(anonymous_1)
FN:14,(anonymous_2)
FNF:3
FNH:0
FNDA:0,(anonymous_0)
FNDA:0,(anonymous_1)
FNDA:0,(anonymous_2)
DA:7,0
DA:11,0
DA:15,0
DA:19,0
LF:4
LH:0
BRF:0
BRH:0
end_of_record
TN:
SF:src\services\attachment.service.ts
FN:5,(anonymous_0)
FN:7,(anonymous_1)
FN:29,(anonymous_2)
FN:33,(anonymous_3)
FN:40,(anonymous_4)
FN:52,(anonymous_5)
FN:56,(anonymous_6)
FNF:7
FNH:0
FNDA:0,(anonymous_0)
FNDA:0,(anonymous_1)
FNDA:0,(anonymous_2)
FNDA:0,(anonymous_3)
FNDA:0,(anonymous_4)
FNDA:0,(anonymous_5)
FNDA:0,(anonymous_6)
DA:5,0
DA:16,0
DA:30,0
DA:34,0
DA:41,0
DA:46,0
DA:47,0
DA:49,0
DA:53,0
DA:57,0
DA:61,0
DA:65,0
LF:12
LH:0
BRDA:5,0,0,0
BRDA:24,1,0,0
BRDA:24,1,1,0
BRDA:46,2,0,0
BRDA:46,2,1,0
BRDA:47,3,0,0
BRDA:47,3,1,0
BRDA:61,4,0,0
BRDA:61,4,1,0
BRF:9
BRH:0
end_of_record
TN:
SF:src\services\complaint-state-machine.ts
FN:6,(anonymous_0)
FN:8,(anonymous_1)
FN:12,(anonymous_2)
FN:16,(anonymous_3)
FN:50,(anonymous_4)
FNF:5
FNH:4
FNDA:3,(anonymous_0)
FNDA:3,(anonymous_1)
FNDA:3,(anonymous_2)
FNDA:3,(anonymous_3)
FNDA:0,(anonymous_4)
DA:6,3
DA:9,3
DA:13,3
DA:17,3
DA:18,1
DA:22,2
DA:23,0
DA:24,0
DA:29,2
DA:30,0
DA:31,0
DA:36,2
DA:37,0
DA:38,0
DA:43,2
DA:44,2
DA:45,0
DA:51,0
DA:52,0
LF:19
LH:10
BRDA:9,0,0,3
BRDA:9,0,1,0
BRDA:16,1,0,3
BRDA:17,2,0,1
BRDA:17,2,1,2
BRDA:22,3,0,0
BRDA:22,3,1,2
BRDA:23,4,0,0
BRDA:23,4,1,0
BRDA:23,5,0,0
BRDA:23,5,1,0
BRDA:29,6,0,0
BRDA:29,6,1,2
BRDA:29,7,0,2
BRDA:29,7,1,0
BRDA:30,8,0,0
BRDA:30,8,1,0
BRDA:30,9,0,0
BRDA:30,9,1,0
BRDA:36,10,0,0
BRDA:36,10,1,2
BRDA:36,11,0,2
BRDA:36,11,1,0
BRDA:37,12,0,0
BRDA:37,12,1,0
BRDA:37,13,0,0
BRDA:37,13,1,0
BRDA:43,14,0,2
BRDA:43,14,1,0
BRDA:44,15,0,0
BRDA:44,15,1,2
BRDA:44,16,0,2
BRDA:44,16,1,0
BRDA:50,17,0,0
BRF:34
BRH:12
end_of_record
TN:
SF:src\services\complaint-status-history.ts
FN:5,(anonymous_0)
FN:23,(anonymous_1)
FNF:2
FNH:0
FNDA:0,(anonymous_0)
FNDA:0,(anonymous_1)
DA:12,0
DA:24,0
DA:34,0
LF:3
LH:0
BRF:0
BRH:0
end_of_record
TN:
SF:src\services\complaint.service.ts
FN:31,(anonymous_0)
FN:33,(anonymous_1)
FN:60,(anonymous_2)
FN:79,(anonymous_3)
FN:120,(anonymous_4)
FN:141,(anonymous_5)
FN:156,(anonymous_6)
FN:177,(anonymous_7)
FN:201,(anonymous_8)
FN:227,(anonymous_9)
FN:231,(anonymous_10)
FN:238,(anonymous_11)
FN:258,(anonymous_12)
FN:259,(anonymous_13)
FNF:14
FNH:12
FNDA:22,(anonymous_0)
FNDA:2,(anonymous_1)
FNDA:2,(anonymous_2)
FNDA:3,(anonymous_3)
FNDA:3,(anonymous_4)
FNDA:2,(anonymous_5)
FNDA:4,(anonymous_6)
FNDA:2,(anonymous_7)
FNDA:3,(anonymous_8)
FNDA:0,(anonymous_9)
FNDA:0,(anonymous_10)
FNDA:1,(anonymous_11)
FNDA:2,(anonymous_12)
FNDA:2,(anonymous_13)
DA:31,22
DA:34,2
DA:50,2
DA:51,1
DA:57,2
DA:61,2
DA:75,2
DA:76,1
DA:80,3
DA:81,3
DA:83,3
DA:84,3
DA:85,3
DA:86,3
DA:87,1
DA:93,3
DA:108,3
DA:121,3
DA:126,3
DA:127,3
DA:128,2
DA:130,1
DA:142,2
DA:147,2
DA:148,2
DA:150,1
DA:163,4
DA:168,4
DA:170,3
DA:171,3
DA:172,3
DA:174,3
DA:175,3
DA:177,4
DA:178,2
DA:187,2
DA:197,2
DA:202,3
DA:207,3
DA:209,2
DA:213,2
DA:214,1
DA:218,1
DA:223,2
DA:224,2
DA:228,0
DA:232,0
DA:235,0
DA:239,1
DA:256,1
DA:258,2
DA:259,2
DA:265,2
LF:53
LH:50
BRDA:31,0,0,22
BRDA:39,1,0,2
BRDA:39,1,1,0
BRDA:50,2,0,1
BRDA:50,2,1,1
BRDA:75,3,0,1
BRDA:75,3,1,1
BRDA:79,4,0,3
BRDA:79,5,0,3
BRDA:79,6,0,3
BRDA:83,7,0,1
BRDA:83,7,1,2
BRDA:84,8,0,0
BRDA:84,8,1,3
BRDA:85,9,0,0
BRDA:85,9,1,3
BRDA:86,10,0,1
BRDA:86,10,1,2
BRDA:126,11,0,0
BRDA:126,11,1,3
BRDA:127,12,0,1
BRDA:127,12,1,2
BRDA:128,13,0,1
BRDA:128,13,1,1
BRDA:135,14,0,1
BRDA:135,14,1,0
BRDA:135,15,0,0
BRDA:135,15,1,0
BRDA:147,16,0,0
BRDA:147,16,1,2
BRDA:148,17,0,1
BRDA:148,17,1,1
BRDA:168,18,0,1
BRDA:168,18,1,3
BRDA:175,19,0,3
BRDA:175,19,1,0
BRDA:182,20,0,1
BRDA:182,20,1,1
BRDA:182,21,0,0
BRDA:182,21,1,1
BRDA:193,22,0,2
BRDA:193,22,1,1
BRDA:207,23,0,1
BRDA:207,23,1,2
BRDA:213,24,0,1
BRDA:213,24,1,1
BRF:46
BRH:36
end_of_record
TN:
SF:src\services\index.ts
FNF:0
FNH:0
LF:0
LH:0
BRF:0
BRH:0
end_of_record
TN:
SF:src\services\upload.service.ts
FN:5,(anonymous_0)
FN:22,(anonymous_1)
FN:33,(anonymous_2)
FNF:3
FNH:0
FNDA:0,(anonymous_0)
FNDA:0,(anonymous_1)
FNDA:0,(anonymous_2)
DA:9,0
DA:23,0
DA:24,0
DA:26,0
DA:29,0
DA:30,0
DA:34,0
DA:38,0
LF:8
LH:0
BRDA:24,0,0,0
BRDA:24,0,1,0
BRDA:26,1,0,0
BRDA:26,1,1,0
BRF:4
BRH:0
end_of_record
TN:
SF:src\services\user.service.ts
FN:6,(anonymous_0)
FN:8,(anonymous_1)
FN:34,(anonymous_2)
FN:38,(anonymous_3)
FN:45,(anonymous_4)
FN:55,(anonymous_5)
FN:63,(anonymous_6)
FN:81,(anonymous_7)
FN:106,(anonymous_8)
FN:113,(anonymous_9)
FNF:10
FNH:4
FNDA:9,(anonymous_0)
FNDA:3,(anonymous_1)
FNDA:0,(anonymous_2)
FNDA:2,(anonymous_3)
FNDA:0,(anonymous_4)
FNDA:0,(anonymous_5)
FNDA:0,(anonymous_6)
FNDA:0,(anonymous_7)
FNDA:0,(anonymous_8)
FNDA:3,(anonymous_9)
DA:6,9
DA:14,3
DA:15,3
DA:17,2
DA:19,1
DA:20,1
DA:30,1
DA:31,1
DA:35,0
DA:39,2
DA:46,0
DA:56,0
DA:64,0
DA:69,0
DA:70,0
DA:71,0
DA:73,0
DA:74,0
DA:82,0
DA:87,0
DA:89,0
DA:90,0
DA:91,0
DA:99,0
DA:107,0
DA:114,3
DA:119,3
DA:120,2
DA:121,1
DA:125,1
DA:127,1
DA:131,1
LF:32
LH:16
BRDA:6,0,0,9
BRDA:15,1,0,1
BRDA:15,1,1,2
BRDA:17,2,0,1
BRDA:17,2,1,1
BRDA:25,3,0,1
BRDA:25,3,1,0
BRDA:69,4,0,0
BRDA:69,4,1,0
BRDA:70,5,0,0
BRDA:70,5,1,0
BRDA:71,6,0,0
BRDA:71,6,1,0
BRDA:87,7,0,0
BRDA:87,7,1,0
BRDA:89,8,0,0
BRDA:89,8,1,0
BRDA:90,9,0,0
BRDA:90,9,1,0
BRDA:119,10,0,1
BRDA:119,10,1,2
BRDA:120,11,0,1
BRDA:120,11,1,1
BRF:23
BRH:10
end_of_record
TN:
SF:src\types\index.ts
FN:3,(anonymous_0)
FNF:1
FNH:1
FNDA:2,(anonymous_0)
DA:3,2
DA:4,2
DA:5,2
DA:6,2
LF:4
LH:4
BRF:0
BRH:0
end_of_record
